2020-11-11T13:00:33+00:00 CRITICAL Uncaught Error: Call to a member function get() on null in /home/forge/lalabag.com/wp-content/plugins/wpforms/src/Integrations/UsageTracking/UsageTracking.php:175
Stack trace:
#0 /home/forge/lalabag.com/wp-content/plugins/wpforms/src/Integrations/UsageTracking/UsageTracking.php(146): WPForms\Integrations\UsageTracking\UsageTracking->get_license()
#1 /home/forge/lalabag.com/wp-content/plugins/wpforms/src/Integrations/UsageTracking/SendUsageTask.php(101): WPForms\Integrations\UsageTracking\UsageTracking->get_data()
#2 /home/forge/lalabag.com/wp-includes/class-wp-hook.php(287): WPForms\Integrations\UsageTracking\SendUsageTask->process(NULL)
#3 /home/forge/lalabag.com/wp-includes/class-wp-hook.php(311): WP_Hook->apply_filters('', Array)
#4 /home/forge/lalabag.com/wp-includes/plugin.php(544): WP_Hook->do_action(Array)
#5 /home/forge/lalabag.com/wp-content/plugins/wpforms/vendor/woocommerce/action-scheduler/classes/actions/ActionScheduler_Action.php(22): do_action_ref_array('wpforms_send_us...', Array)
#6 /home/for en /home/forge/lalabag.com/wp-content/plugins/wpforms/src/Integrations/UsageTracking/UsageTracking.php en la línea 175

2020-11-11T13:00:35+00:00 CRITICAL Uncaught Error: Call to a member function get_status() on null in /home/forge/lalabag.com/wp-content/plugins/Plugin_ePayco_WooCommerce-3.7.0/woocommerce-gateway-payco.php:675
Stack trace:
#0 /home/forge/lalabag.com/wp-includes/class-wp-hook.php(287): WC_ePayco->ePayco_successful_request(NULL)
#1 /home/forge/lalabag.com/wp-includes/class-wp-hook.php(311): WP_Hook->apply_filters('', Array)
#2 /home/forge/lalabag.com/wp-includes/plugin.php(478): WP_Hook->do_action(Array)
#3 /home/forge/lalabag.com/wp-content/plugins/Plugin_ePayco_WooCommerce-3.7.0/woocommerce-gateway-payco.php(619): do_action('ePayco_init', Array)
#4 /home/forge/lalabag.com/wp-includes/class-wp-hook.php(287): WC_ePayco->check_ePayco_response('')
#5 /home/forge/lalabag.com/wp-includes/class-wp-hook.php(311): WP_Hook->apply_filters('', Array)
#6 /home/forge/lalabag.com/wp-includes/plugin.php(478): WP_Hook->do_action(Array)
#7 /home/forge/lalabag.com/wp-content/plugins/woocommerce/includes/class-wc-api.php(148): do_action('woocommerce_api...')
#8 / en /home/forge/lalabag.com/wp-content/plugins/Plugin_ePayco_WooCommerce-3.7.0/woocommerce-gateway-payco.php en la línea 675

2020-11-11T13:00:59+00:00 CRITICAL Uncaught Error: Call to a member function get_status() on null in /home/forge/lalabag.com/wp-content/plugins/Plugin_ePayco_WooCommerce-3.7.0/woocommerce-gateway-payco.php:675
Stack trace:
#0 /home/forge/lalabag.com/wp-includes/class-wp-hook.php(287): WC_ePayco->ePayco_successful_request(NULL)
#1 /home/forge/lalabag.com/wp-includes/class-wp-hook.php(311): WP_Hook->apply_filters('', Array)
#2 /home/forge/lalabag.com/wp-includes/plugin.php(478): WP_Hook->do_action(Array)
#3 /home/forge/lalabag.com/wp-content/plugins/Plugin_ePayco_WooCommerce-3.7.0/woocommerce-gateway-payco.php(619): do_action('ePayco_init', Array)
#4 /home/forge/lalabag.com/wp-includes/class-wp-hook.php(287): WC_ePayco->check_ePayco_response('')
#5 /home/forge/lalabag.com/wp-includes/class-wp-hook.php(311): WP_Hook->apply_filters('', Array)
#6 /home/forge/lalabag.com/wp-includes/plugin.php(478): WP_Hook->do_action(Array)
#7 /home/forge/lalabag.com/wp-content/plugins/woocommerce/includes/class-wc-api.php(148): do_action('woocommerce_api...')
#8 / en /home/forge/lalabag.com/wp-content/plugins/Plugin_ePayco_WooCommerce-3.7.0/woocommerce-gateway-payco.php en la línea 675

2020-11-11T13:03:49+00:00 CRITICAL Uncaught Error: Call to a member function get_status() on null in /home/forge/lalabag.com/wp-content/plugins/Plugin_ePayco_WooCommerce-3.7.0/woocommerce-gateway-payco.php:675
Stack trace:
#0 /home/forge/lalabag.com/wp-includes/class-wp-hook.php(287): WC_ePayco->ePayco_successful_request(NULL)
#1 /home/forge/lalabag.com/wp-includes/class-wp-hook.php(311): WP_Hook->apply_filters('', Array)
#2 /home/forge/lalabag.com/wp-includes/plugin.php(478): WP_Hook->do_action(Array)
#3 /home/forge/lalabag.com/wp-content/plugins/Plugin_ePayco_WooCommerce-3.7.0/woocommerce-gateway-payco.php(619): do_action('ePayco_init', Array)
#4 /home/forge/lalabag.com/wp-includes/class-wp-hook.php(287): WC_ePayco->check_ePayco_response('')
#5 /home/forge/lalabag.com/wp-includes/class-wp-hook.php(311): WP_Hook->apply_filters('', Array)
#6 /home/forge/lalabag.com/wp-includes/plugin.php(478): WP_Hook->do_action(Array)
#7 /home/forge/lalabag.com/wp-content/plugins/woocommerce/includes/class-wc-api.php(148): do_action('woocommerce_api...')
#8 / en /home/forge/lalabag.com/wp-content/plugins/Plugin_ePayco_WooCommerce-3.7.0/woocommerce-gateway-payco.php en la línea 675

2020-11-11T13:06:59+00:00 CRITICAL Uncaught Error: Call to a member function get_status() on null in /home/forge/lalabag.com/wp-content/plugins/Plugin_ePayco_WooCommerce-3.7.0/woocommerce-gateway-payco.php:675
Stack trace:
#0 /home/forge/lalabag.com/wp-includes/class-wp-hook.php(287): WC_ePayco->ePayco_successful_request(NULL)
#1 /home/forge/lalabag.com/wp-includes/class-wp-hook.php(311): WP_Hook->apply_filters('', Array)
#2 /home/forge/lalabag.com/wp-includes/plugin.php(478): WP_Hook->do_action(Array)
#3 /home/forge/lalabag.com/wp-content/plugins/Plugin_ePayco_WooCommerce-3.7.0/woocommerce-gateway-payco.php(619): do_action('ePayco_init', Array)
#4 /home/forge/lalabag.com/wp-includes/class-wp-hook.php(287): WC_ePayco->check_ePayco_response('')
#5 /home/forge/lalabag.com/wp-includes/class-wp-hook.php(311): WP_Hook->apply_filters('', Array)
#6 /home/forge/lalabag.com/wp-includes/plugin.php(478): WP_Hook->do_action(Array)
#7 /home/forge/lalabag.com/wp-content/plugins/woocommerce/includes/class-wc-api.php(148): do_action('woocommerce_api...')
#8 / en /home/forge/lalabag.com/wp-content/plugins/Plugin_ePayco_WooCommerce-3.7.0/woocommerce-gateway-payco.php en la línea 675

2020-11-11T13:07:37+00:00 CRITICAL Uncaught Error: Call to a member function get_status() on null in /home/forge/lalabag.com/wp-content/plugins/Plugin_ePayco_WooCommerce-3.7.0/woocommerce-gateway-payco.php:675
Stack trace:
#0 /home/forge/lalabag.com/wp-includes/class-wp-hook.php(287): WC_ePayco->ePayco_successful_request(NULL)
#1 /home/forge/lalabag.com/wp-includes/class-wp-hook.php(311): WP_Hook->apply_filters('', Array)
#2 /home/forge/lalabag.com/wp-includes/plugin.php(478): WP_Hook->do_action(Array)
#3 /home/forge/lalabag.com/wp-content/plugins/Plugin_ePayco_WooCommerce-3.7.0/woocommerce-gateway-payco.php(619): do_action('ePayco_init', Array)
#4 /home/forge/lalabag.com/wp-includes/class-wp-hook.php(287): WC_ePayco->check_ePayco_response('')
#5 /home/forge/lalabag.com/wp-includes/class-wp-hook.php(311): WP_Hook->apply_filters('', Array)
#6 /home/forge/lalabag.com/wp-includes/plugin.php(478): WP_Hook->do_action(Array)
#7 /home/forge/lalabag.com/wp-content/plugins/woocommerce/includes/class-wc-api.php(148): do_action('woocommerce_api...')
#8 / en /home/forge/lalabag.com/wp-content/plugins/Plugin_ePayco_WooCommerce-3.7.0/woocommerce-gateway-payco.php en la línea 675

